<?xml version="1.0" encoding="UTF-8"?>
<testng-results skipped="0" failed="0" total="3" passed="3">
  <reporter-output>
  </reporter-output>
  <suite name="Default suite" duration-ms="554" started-at="2015-04-03T11:39:10Z" finished-at="2015-04-03T11:39:11Z">
    <groups>
    </groups>
    <test name="Default test" duration-ms="554" started-at="2015-04-03T11:39:10Z" finished-at="2015-04-03T11:39:11Z">
      <class name="tn.activity.logger.PersistencyTest">
        <test-method status="PASS" signature="setUp()[pri:0, instance:tn.activity.logger.PersistencyTest@9392f50]" name="setUp" is-config="true" duration-ms="7" started-at="2015-04-03T13:39:10Z" finished-at="2015-04-03T13:39:10Z">
          <reporter-output>
          </reporter-output>
        </test-method> <!-- setUp -->
        <test-method status="PASS" signature="saveCategories()[pri:0, instance:tn.activity.logger.PersistencyTest@9392f50]" name="saveCategories" duration-ms="302" started-at="2015-04-03T13:39:10Z" finished-at="2015-04-03T13:39:10Z">
          <reporter-output>
          </reporter-output>
        </test-method> <!-- saveCategories -->
        <test-method status="PASS" signature="getCategories()[pri:0, instance:tn.activity.logger.PersistencyTest@9392f50]" name="getCategories" duration-ms="156" started-at="2015-04-03T13:39:10Z" finished-at="2015-04-03T13:39:11Z">
          <reporter-output>
          </reporter-output>
        </test-method> <!-- getCategories -->
        <test-method status="PASS" signature="getCategoryElements()[pri:0, instance:tn.activity.logger.PersistencyTest@9392f50]" name="getCategoryElements" duration-ms="84" started-at="2015-04-03T13:39:11Z" finished-at="2015-04-03T13:39:11Z">
          <reporter-output>
          </reporter-output>
        </test-method> <!-- getCategoryElements -->
      </class> <!-- tn.activity.logger.PersistencyTest -->
    </test> <!-- Default test -->
  </suite> <!-- Default suite -->
</testng-results>
