<?xml version="1.0" encoding="UTF-8"?>
<!-- Generated by org.testng.reporters.JUnitXMLReporter -->
<testsuite hostname="localhost.localdomain" name="Default test" tests="3" failures="0" timestamp="3 Apr 2015 11:39:11 GMT" time="0.554" errors="0">
  <testcase name="saveCategories" time="0.302" classname="tn.activity.logger.PersistencyTest"/>
  <testcase name="getCategories" time="0.156" classname="tn.activity.logger.PersistencyTest"/>
  <testcase name="getCategoryElements" time="0.084" classname="tn.activity.logger.PersistencyTest"/>
</testsuite> <!-- Default test -->
